<?xml version="1.0" encoding="UTF-8"?>
<!-- Generated by org.testng.reporters.JUnitReportReporter -->
<testsuite hostname="nirav-Inspiron-3558" failures="0" tests="1" name="loginpagetest.TestLoginPage" time="3.262" errors="0" timestamp="2021-08-01T17:36:09 IST" skipped="0">
  <testcase classname="loginpagetest.TestLoginPage" name="testLoginPage" time="3.262"/>
  <system-out/>
</testsuite> <!-- loginpagetest.TestLoginPage -->
