<?xml version="1.0" encoding="UTF-8"?>
<!-- Generated by org.testng.reporters.JUnitReportReporter -->
<testsuite hostname="nirav-Inspiron-3558" failures="0" tests="1" name="loginpagetest.TestLoginPage" time="9.539" errors="0" timestamp="2021-07-09T20:17:54 IST" skipped="0">
  <testcase classname="loginpagetest.TestLoginPage" name="testLoginPage" time="9.539"/>
  <system-out/>
</testsuite> <!-- loginpagetest.TestLoginPage -->
